

 NAS Parallel Benchmarks 3.4 -- CG Benchmark

 Size:      14000  (class A)
 Iterations:    15
 Number of nonzeroes per row:       11
 Eigenvalue shift:    20.000
 Total number of processes:      4

   iteration           ||r||                 zeta
        1       0.30580929470584E-12    19.9997581277040
        2       0.30936995864732E-14    17.1140495745506
        3       0.30671702305172E-14    17.1296668946143
        4       0.30838018025787E-14    17.1302113581193
        5       0.30293644921136E-14    17.1302338856353
        6       0.30167731334708E-14    17.1302349879482
        7       0.30068291856284E-14    17.1302350498916
        8       0.30121663133372E-14    17.1302350537510
        9       0.30447717041899E-14    17.1302350540101
       10       0.29872989719528E-14    17.1302350540284
       11       0.30027270020084E-14    17.1302350540298
       12       0.30037761181847E-14    17.1302350540299
       13       0.29636179833521E-14    17.1302350540299
       14       0.30159896355797E-14    17.1302350540299
       15       0.29700431855610E-14    17.1302350540299
 Benchmark completed 
 VERIFICATION SUCCESSFUL 
 Zeta is     0.1713023505403E+02
 Error is    0.5226337199892E-13


 CG Benchmark Completed.
 Class           =                        A
 Size            =                    14000
 Iterations      =                       15
 Time in seconds =                     5.23
 Total processes =                        4
 Active processes=                        4
 Mop/s total     =                   286.07
 Mop/s/process   =                    71.52
 Operation type  =           floating point
 Verification    =               SUCCESSFUL
 Version         =                    3.4.2
 Compile date    =              11 Jul 2025

 Compile options:
    MPIFC        = mpif90
    FLINK        = $(MPIFC)
    FMPI_LIB     = (none)
    FMPI_INC     = (none)
    FFLAGS       = -O3 -fallow-argument-mismatch
    FLINKFLAGS   = $(FFLAGS)
    RAND         = randi8


 Please send feedbacks and/or the results of this run to:

 NPB Development Team 
 Internet: npb@nas.nasa.gov



 NAS Parallel Benchmarks 3.4 -- EP Benchmark

 Number of random numbers generated:       536870912  (class A)
 Total number of processes:                        4

EP Benchmark Results:

CPU Time =     7.496
N = 2^   28
No. Gaussian Pairs =     210832767.
Sums =     1.682235632304655D+08    1.682195123368336D+08
Counts:
  0      98257395.
  1      93827014.
  2      17611549.
  3       1110028.
  4         26536.
  5           245.
  6             0.
  7             0.
  8             0.
  9             0.


 EP Benchmark Completed.
 Class           =                        A
 Size            =                536870912
 Iterations      =                        0
 Time in seconds =                     7.50
 Total processes =                        4
 Active processes=                        4
 Mop/s total     =                    71.62
 Mop/s/process   =                    17.91
 Operation type  = Random numbers generated
 Verification    =               SUCCESSFUL
 Version         =                    3.4.2
 Compile date    =              11 Jul 2025

 Compile options:
    MPIFC        = mpif90
    FLINK        = $(MPIFC)
    FMPI_LIB     = (none)
    FMPI_INC     = (none)
    FFLAGS       = -O3 -fallow-argument-mismatch
    FLINKFLAGS   = $(FFLAGS)
    RAND         = randi8


 Please send feedbacks and/or the results of this run to:

 NPB Development Team 
 Internet: npb@nas.nasa.gov




 NAS Parallel Benchmarks 3.4 -- IS Benchmark

 Size:  8388608  (class A)
 Iterations:   10
 Total number of processes:  4

   iteration
        1
        2
        3
        4
        5
        6
        7
        8
        9
        10


 IS Benchmark Completed
 Class           =                        A
 Size            =                  8388608
 Iterations      =                       10
 Time in seconds =                     1.30
 Total processes =                        4
 Active processes=                        4
 Mop/s total     =                    64.58
 Mop/s/process   =                    16.15
 Operation type  =              keys ranked
 Verification    =               SUCCESSFUL
 Version         =                    3.4.2
 Compile date    =              11 Jul 2025

 Compile options:
    MPICC        = mpicc
    CLINK        = $(MPICC)
    CMPI_LIB     = (none)
    CMPI_INC     = (none)
    CFLAGS       = -O3
    CLINKFLAGS   = $(CFLAGS)


 Please send feedbacks and/or the results of this run to:

 NPB Development Team
 npb@nas.nasa.gov




 NAS Parallel Benchmarks 3.4 -- FT Benchmark

 No input file inputft.data. Using compiled defaults
 Size                :  256x 256x 128  (class A)
 Iterations          :              6
 Number of processes :              4
 Processor array     :         1x   4
 Layout type         :             1D

 Initialization time =      1.3285

 T =    1     Checksum =    5.046735008193D+02    5.114047905510D+02
 T =    2     Checksum =    5.059412319734D+02    5.098809666433D+02
 T =    3     Checksum =    5.069376896287D+02    5.098144042213D+02
 T =    4     Checksum =    5.077892868474D+02    5.101336130759D+02
 T =    5     Checksum =    5.085233095391D+02    5.104914655194D+02
 T =    6     Checksum =    5.091487099959D+02    5.107917842803D+02
 Result verification successful


 FT Benchmark Completed.
 Class           =                        A
 Size            =            256x 256x 128
 Iterations      =                        6
 Time in seconds =                     8.17
 Total processes =                        4
 Active processes=                        4
 Mop/s total     =                   873.04
 Mop/s/process   =                   218.26
 Operation type  =           floating point
 Verification    =               SUCCESSFUL
 Version         =                    3.4.2
 Compile date    =              11 Jul 2025

 Compile options:
    MPIFC        = mpif90
    FLINK        = $(MPIFC)
    FMPI_LIB     = (none)
    FMPI_INC     = (none)
    FFLAGS       = -O3 -fallow-argument-mismatch
    FLINKFLAGS   = $(FFLAGS)
    RAND         = randi8


 Please send feedbacks and/or the results of this run to:

 NPB Development Team 
 Internet: npb@nas.nasa.gov




 NAS Parallel Benchmarks 3.4 -- MG Benchmark

 No input file. Using compiled defaults 
 Size:  256x 256x 256  (class A)
 Iterations:    4
 Total number of processes:      4


 Initialization time:           2.414 seconds

  iter    1
  iter    4

 Benchmark completed 
 VERIFICATION SUCCESSFUL 
 L2 Norm is  0.2433365309069E-05
 Error is    0.1804852652064E-12


 MG Benchmark Completed.
 Class           =                        A
 Size            =            256x 256x 256
 Iterations      =                        4
 Time in seconds =                     8.12
 Total processes =                        4
 Active processes=                        4
 Mop/s total     =                   479.09
 Mop/s/process   =                   119.77
 Operation type  =           floating point
 Verification    =               SUCCESSFUL
 Version         =                    3.4.2
 Compile date    =              11 Jul 2025

 Compile options:
    MPIFC        = mpif90
    FLINK        = $(MPIFC)
    FMPI_LIB     = (none)
    FMPI_INC     = (none)
    FFLAGS       = -O3 -fallow-argument-mismatch
    FLINKFLAGS   = $(FFLAGS)
    RAND         = randi8


 Please send feedbacks and/or the results of this run to:

 NPB Development Team 
 Internet: npb@nas.nasa.gov




 NAS Parallel Benchmarks 3.4 -- SP Benchmark

 No input file inputsp.data. Using compiled defaults
 Size:   64x  64x  64  (class A)
 Iterations:  400    dt:   0.0015000
 Total number of processes:      4

 Time step    1
 Time step   20
 Time step   40
 Time step   60
 Time step   80
 Time step  100
 Time step  120
 Time step  140
 Time step  160
 Time step  180
 Time step  200
 Time step  220
 Time step  240
 Time step  260
 Time step  280
 Time step  300
 Time step  320
 Time step  340
 Time step  360
 Time step  380
 Time step  400
 Verification being performed for class A
 accuracy setting for epsilon =  0.1000000000000E-07
 Comparison of RMS-norms of residual
           1 0.2479982239930E+01 0.2479982239930E+01 0.2954646950509E-13
           2 0.1127633796437E+01 0.1127633796437E+01 0.8486906389742E-13
           3 0.1502897788877E+01 0.1502897788877E+01 0.4875562408007E-14
           4 0.1421781621169E+01 0.1421781621170E+01 0.5481689674999E-13
           5 0.2129211303514E+01 0.2129211303514E+01 0.3629114798817E-13
 Comparison of RMS-norms of solution error
           1 0.1090014029782E-03 0.1090014029782E-03 0.4457356375883E-12
           2 0.3734395176929E-04 0.3734395176928E-04 0.9145354686695E-13
           3 0.5009278540654E-04 0.5009278540654E-04 0.4382885442414E-13
           4 0.4767109393953E-04 0.4767109393953E-04 0.1309166255611E-12
           5 0.1362161339921E-03 0.1362161339921E-03 0.7203280091300E-13
 Verification Successful


 SP Benchmark Completed.
 Class           =                        A
 Size            =             64x  64x  64
 Iterations      =                      400
 Time in seconds =                   222.24
 Total processes =                        4
 Active processes=                        4
 Mop/s total     =                   382.51
 Mop/s/process   =                    95.63
 Operation type  =           floating point
 Verification    =               SUCCESSFUL
 Version         =                    3.4.2
 Compile date    =              11 Jul 2025

 Compile options:
    MPIFC        = mpif90
    FLINK        = $(MPIFC)
    FMPI_LIB     = (none)
    FMPI_INC     = (none)
    FFLAGS       = -O3 -fallow-argument-mismatch
    FLINKFLAGS   = $(FFLAGS)
    RAND         = (none)


 Please send feedbacks and/or the results of this run to:

 NPB Development Team 
 Internet: npb@nas.nasa.gov


