

 NAS Parallel Benchmarks 3.4 -- CG Benchmark

 Size:      75000  (class B)
 Iterations:    75
 Number of nonzeroes per row:       13
 Eigenvalue shift:    60.000
 Total number of processes:      4

 NAS Parallel Benchmarks 3.4 -- EP Benchmark

 Number of random numbers generated:      2147483648  (class B)
 Total number of processes:                        4



 NAS Parallel Benchmarks 3.4 -- IS Benchmark

 Size:  33554432  (class B)
 Iterations:   10
 Total number of processes:  4

   iteration
        1
        2
        3
        4
        5
        6
        7
        8
        9
        10


 IS Benchmark Completed
 Class           =                        B
 Size            =                 33554432
 Iterations      =                       10
 Time in seconds =                     5.83
 Total processes =                        4
 Active processes=                        4
 Mop/s total     =                    57.57
 Mop/s/process   =                    14.39
 Operation type  =              keys ranked
 Verification    =               SUCCESSFUL
 Version         =                    3.4.2
 Compile date    =              11 Jul 2025

 Compile options:
    MPICC        = mpicc
    CLINK        = $(MPICC)
    CMPI_LIB     = (none)
    CMPI_INC     = (none)
    CFLAGS       = -O3
    CLINKFLAGS   = $(CFLAGS)


 Please send feedbacks and/or the results of this run to:

 NPB Development Team
 npb@nas.nasa.gov




 NAS Parallel Benchmarks 3.4 -- FT Benchmark

 No input file inputft.data. Using compiled defaults
 Size                :  512x 256x 256  (class B)
 Iterations          :             20
 Number of processes :              4
 Processor array     :         1x   4
 Layout type         :             1D

 Initialization time =      7.5767



 NAS Parallel Benchmarks 3.4 -- MG Benchmark

 No input file. Using compiled defaults 
 Size:  256x 256x 256  (class B)
 Iterations:   20
 Total number of processes:      4


 Initialization time:           2.267 seconds

  iter    1
  iter    5
  iter   10
  iter   15
  iter   20

 Benchmark completed 
 VERIFICATION SUCCESSFUL 
 L2 Norm is  0.1800564401355E-05
 Error is    0.8126615272859E-13


 MG Benchmark Completed.
 Class           =                        B
 Size            =            256x 256x 256
 Iterations      =                       20
 Time in seconds =                    40.98
 Total processes =                        4
 Active processes=                        4
 Mop/s total     =                   474.86
 Mop/s/process   =                   118.71
 Operation type  =           floating point
 Verification    =               SUCCESSFUL
 Version         =                    3.4.2
 Compile date    =              11 Jul 2025

 Compile options:
    MPIFC        = mpif90
    FLINK        = $(MPIFC)
    FMPI_LIB     = (none)
    FMPI_INC     = (none)
    FFLAGS       = -O3 -fallow-argument-mismatch
    FLINKFLAGS   = $(FFLAGS)
    RAND         = randi8


 Please send feedbacks and/or the results of this run to:

 NPB Development Team 
 Internet: npb@nas.nasa.gov




 NAS Parallel Benchmarks 3.4 -- SP Benchmark

 No input file inputsp.data. Using compiled defaults
 Size:  102x 102x 102  (class B)
 Iterations:  400    dt:   0.0010000
 Total number of processes:      4

 Time step    1
 Time step   20
 Time step   40
 Time step   60
 Time step   80
 Time step  100
 Time step  120
 Time step  140
 Time step  160
 Time step  180
 Time step  200
 Time step  220
 Time step  240
 Time step  260
 Time step  280
 Time step  300
 Time step  320
 Time step  340
 Time step  360
 Time step  380
 Time step  400
 Verification being performed for class B
 accuracy setting for epsilon =  0.1000000000000E-07
 Comparison of RMS-norms of residual
           1 0.6903293579998E+02 0.6903293579998E+02 0.5722801102177E-13
           2 0.3095134488084E+02 0.3095134488084E+02 0.8046345961467E-13
           3 0.4103336647017E+02 0.4103336647017E+02 0.1096116625145E-12
           4 0.3864769009604E+02 0.3864769009604E+02 0.3989572812160E-13
           5 0.5643482272596E+02 0.5643482272596E+02 0.6710737446614E-13
 Comparison of RMS-norms of solution error
           1 0.9810006190188E-02 0.9810006190188E-02 0.4880564497997E-13
           2 0.1022827905670E-02 0.1022827905670E-02 0.3913536577001E-12
           3 0.1720597911692E-02 0.1720597911692E-02 0.1538780029441E-12
           4 0.1694479428231E-02 0.1694479428231E-02 0.1108209478061E-12
           5 0.1847456263981E-01 0.1847456263981E-01 0.7680851942288E-13
 Verification Successful


 SP Benchmark Completed.
 Class           =                        B
 Size            =            102x 102x 102
 Iterations      =                      400
 Time in seconds =                   961.91
 Total processes =                        4
 Active processes=                        4
 Mop/s total     =                   369.07
 Mop/s/process   =                    92.27
 Operation type  =           floating point
 Verification    =               SUCCESSFUL
 Version         =                    3.4.2
 Compile date    =              11 Jul 2025

 Compile options:
    MPIFC        = mpif90
    FLINK        = $(MPIFC)
    FMPI_LIB     = (none)
    FMPI_INC     = (none)
    FFLAGS       = -O3 -fallow-argument-mismatch
    FLINKFLAGS   = $(FFLAGS)
    RAND         = (none)


 Please send feedbacks and/or the results of this run to:

 NPB Development Team 
 Internet: npb@nas.nasa.gov


