NAS Parallel Benchmarks 3.4 -- CG Benchmark

 Size:      14000  (class A)
 Iterations:    15
 Number of nonzeroes per row:       11
 Eigenvalue shift:    20.000
 Total number of processes:      4

   iteration           ||r||                 zeta
        1       0.30580929470584E-12    19.9997581277040
        2       0.30936995864732E-14    17.1140495745506
        3       0.30671702305172E-14    17.1296668946143
        4       0.30838018025787E-14    17.1302113581193
        5       0.30293644921136E-14    17.1302338856353
        6       0.30167731334708E-14    17.1302349879482
        7       0.30068291856284E-14    17.1302350498916
        8       0.30121663133372E-14    17.1302350537510
        9       0.30447717041899E-14    17.1302350540101
       10       0.29872989719528E-14    17.1302350540284
       11       0.30027270020084E-14    17.1302350540298
       12       0.30037761181847E-14    17.1302350540299
       13       0.29636179833521E-14    17.1302350540299
       14       0.30159896355797E-14    17.1302350540299
       15       0.29700431855610E-14    17.1302350540299
 Benchmark completed 
 VERIFICATION SUCCESSFUL 
 Zeta is     0.1713023505403E+02
 Error is    0.5226337199892E-13


 CG Benchmark Completed.
 Class           =                        A
 Size            =                    14000
 Iterations      =                       15
 Time in seconds =                     1.03
 Total processes =                        4
 Active processes=                        4
 Mop/s total     =                  1453.19
 Mop/s/process   =                   363.30
 Operation type  =           floating point
 Verification    =               SUCCESSFUL
 Version         =                    3.4.2
 Compile date    =              11 Jul 2025

 Compile options:
    MPIFC        = mpif90
    FLINK        = $(MPIFC)
    FMPI_LIB     = (none)
    FMPI_INC     = (none)
    FFLAGS       = -O3 -fallow-argument-mismatch
    FLINKFLAGS   = $(FFLAGS)
    RAND         = randi8


 Please send feedbacks and/or the results of this run to:

 NPB Development Team 
 Internet: npb@nas.nasa.gov
 NAS Parallel Benchmarks 3.4 -- EP Benchmark

 Number of random numbers generated:       536870912  (class A)
 Total number of processes:                        4

EP Benchmark Results:

CPU Time =     4.281
N = 2^   28
No. Gaussian Pairs =     210832767.
Sums =     1.682235632304655D+08    1.682195123368336D+08
Counts:
  0      98257395.
  1      93827014.
  2      17611549.
  3       1110028.
  4         26536.
  5           245.
  6             0.
  7             0.
  8             0.
  9             0.


 EP Benchmark Completed.
 Class           =                        A
 Size            =                536870912
 Iterations      =                        0
 Time in seconds =                     4.28
 Total processes =                        4
 Active processes=                        4
 Mop/s total     =                   125.41
 Mop/s/process   =                    31.35
 Operation type  = Random numbers generated
 Verification    =               SUCCESSFUL
 Version         =                    3.4.2
 Compile date    =              10 Jul 2025

 Compile options:
    MPIFC        = mpif90
    FLINK        = $(MPIFC)
    FMPI_LIB     = (none)
    FMPI_INC     = (none)
    FFLAGS       = -O3 -fallow-argument-mismatch
    FLINKFLAGS   = $(FFLAGS)
    RAND         = randi8


 Please send feedbacks and/or the results of this run to:

 NPB Development Team 
 Internet: npb@nas.nasa.gov



 NAS Parallel Benchmarks 3.4 -- EP Benchmark

 Number of random numbers generated:      2147483648  (class B)
 Total number of processes:                        4

EP Benchmark Results:

CPU Time =    17.110
N = 2^   30
No. Gaussian Pairs =     843345606.
Sums =     6.728927543419154D+08    6.728951822504437D+08
Counts:
  0     393058470.
  1     375280898.
  2      70460742.
  3       4438852.
  4        105691.
  5           948.
  6             5.
  7             0.
  8             0.
  9             0.


 EP Benchmark Completed.
 Class           =                        B
 Size            =               2147483648
 Iterations      =                        0
 Time in seconds =                    17.11
 Total processes =                        4
 Active processes=                        4
 Mop/s total     =                   125.51
 Mop/s/process   =                    31.38
 Operation type  = Random numbers generated
 Verification    =               SUCCESSFUL
 Version         =                    3.4.2
 Compile date    =              10 Jul 2025

 Compile options:
    MPIFC        = mpif90
    FLINK        = $(MPIFC)
    FMPI_LIB     = (none)
    FMPI_INC     = (none)
    FFLAGS       = -O3 -fallow-argument-mismatch
    FLINKFLAGS   = $(FFLAGS)
    RAND         = randi8


 Please send feedbacks and/or the results of this run to:

 NPB Development Team 
 Internet: npb@nas.nasa.gov



 NAS Parallel Benchmarks 3.4 -- EP Benchmark

 Number of random numbers generated:      8589934592  (class C)
 Total number of processes:                        4

EP Benchmark Results:

CPU Time =    68.464
N = 2^   32
No. Gaussian Pairs =    3373275903.
Sums =     2.691444083862026D+09    2.691519118723237D+09
Counts:
  0    1572172634.
  1    1501108549.
  2     281805648.
  3      17761221.
  4        424017.
  5          3821.
  6            13.
  7             0.
  8             0.
  9             0.


 EP Benchmark Completed.
 Class           =                        C
 Size            =               8589934592
 Iterations      =                        0
 Time in seconds =                    68.46
 Total processes =                        4
 Active processes=                        4
 Mop/s total     =                   125.47
 Mop/s/process   =                    31.37
 Operation type  = Random numbers generated
 Verification    =               SUCCESSFUL
 Version         =                    3.4.2
 Compile date    =              10 Jul 2025

 Compile options:
    MPIFC        = mpif90
    FLINK        = $(MPIFC)
    FMPI_LIB     = (none)
    FMPI_INC     = (none)
    FFLAGS       = -O3 -fallow-argument-mismatch
    FLINKFLAGS   = $(FFLAGS)
    RAND         = randi8


 Please send feedbacks and/or the results of this run to:

 NPB Development Team 
 Internet: npb@nas.nasa.gov



 NAS Parallel Benchmarks 3.4 -- EP Benchmark

 Number of random numbers generated:    137438953472  (class D)
 Total number of processes:                        4

EP Benchmark Results:

CPU Time =  1094.993
N = 2^   36
No. Gaussian Pairs =   53972171957.
Sums =     4.306350280823931D+10    4.306347571869273D+10
Counts:
  0   25154622775.
  1   24017899906.
  2    4508609839.
  3     284201296.
  4       6776403.
  5         61541.
  6           197.
  7             0.
  8             0.
  9             0.


 EP Benchmark Completed.
 Class           =                        D
 Size            =             137438953472
 Iterations      =                        0
 Time in seconds =                  1094.99
 Total processes =                        4
 Active processes=                        4
 Mop/s total     =                   125.52
 Mop/s/process   =                    31.38
 Operation type  = Random numbers generated
 Verification    =               SUCCESSFUL
 Version         =                    3.4.2
 Compile date    =              10 Jul 2025

 Compile options:
    MPIFC        = mpif90
    FLINK        = $(MPIFC)
    FMPI_LIB     = (none)
    FMPI_INC     = (none)
    FFLAGS       = -O3 -fallow-argument-mismatch
    FLINKFLAGS   = $(FFLAGS)
    RAND         = randi8


 Please send feedbacks and/or the results of this run to:

 NPB Development Team 
 Internet: npb@nas.nasa.gov




 NAS Parallel Benchmarks 3.4 -- IS Benchmark

 Size:  8388608  (class A)
 Iterations:   10
 Total number of processes:  4

   iteration
        1
        2
        3
        4
        5
        6
        7
        8
        9
        10


 IS Benchmark Completed
 Class           =                        A
 Size            =                  8388608
 Iterations      =                       10
 Time in seconds =                     0.43
 Total processes =                        4
 Active processes=                        4
 Mop/s total     =                   194.03
 Mop/s/process   =                    48.51
 Operation type  =              keys ranked
 Verification    =               SUCCESSFUL
 Version         =                    3.4.2
 Compile date    =              10 Jul 2025

 Compile options:
    MPICC        = mpicc
    CLINK        = $(MPICC)
    CMPI_LIB     = (none)
    CMPI_INC     = (none)
    CFLAGS       = -O3
    CLINKFLAGS   = $(CFLAGS)


 Please send feedbacks and/or the results of this run to:

 NPB Development Team
 npb@nas.nasa.gov




 NAS Parallel Benchmarks 3.4 -- IS Benchmark

 Size:  33554432  (class B)
 Iterations:   10
 Total number of processes:  4

   iteration
        1
        2
        3
        4
        5
        6
        7
        8
        9
        10


 IS Benchmark Completed
 Class           =                        B
 Size            =                 33554432
 Iterations      =                       10
 Time in seconds =                     2.96
 Total processes =                        4
 Active processes=                        4
 Mop/s total     =                   113.22
 Mop/s/process   =                    28.30
 Operation type  =              keys ranked
 Verification    =               SUCCESSFUL
 Version         =                    3.4.2
 Compile date    =              10 Jul 2025

 Compile options:
    MPICC        = mpicc
    CLINK        = $(MPICC)
    CMPI_LIB     = (none)
    CMPI_INC     = (none)
    CFLAGS       = -O3
    CLINKFLAGS   = $(CFLAGS)


 Please send feedbacks and/or the results of this run to:

 NPB Development Team
 npb@nas.nasa.gov




 NAS Parallel Benchmarks 3.4 -- IS Benchmark

 Size:  134217728  (class C)
 Iterations:   10
 Total number of processes:  4

   iteration
        1
        2
        3
        4
        5
        6
        7
        8
        9
        10


 IS Benchmark Completed
 Class           =                        C
 Size            =                134217728
 Iterations      =                       10
 Time in seconds =                    10.61
 Total processes =                        4
 Active processes=                        4
 Mop/s total     =                   126.47
 Mop/s/process   =                    31.62
 Operation type  =              keys ranked
 Verification    =               SUCCESSFUL
 Version         =                    3.4.2
 Compile date    =              10 Jul 2025

 Compile options:
    MPICC        = mpicc
    CLINK        = $(MPICC)
    CMPI_LIB     = (none)
    CMPI_INC     = (none)
    CFLAGS       = -O3
    CLINKFLAGS   = $(CFLAGS)


 Please send feedbacks and/or the results of this run to:

 NPB Development Team
 npb@nas.nasa.gov




 NAS Parallel Benchmarks 3.4 -- IS Benchmark

 Size:  2147483648  (class D)
 Iterations:   10
 Total number of processes:  4

   iteration
        1
        2
        3
        4
        5
        6
        7
        8
        9
        10


 IS Benchmark Completed
 Class           =                        D
 Size            =               2147483648
 Iterations      =                       10
 Time in seconds =                   210.65
 Total processes =                        4
 Active processes=                        4
 Mop/s total     =                   101.94
 Mop/s/process   =                    25.49
 Operation type  =              keys ranked
 Verification    =               SUCCESSFUL
 Version         =                    3.4.2
 Compile date    =              10 Jul 2025

 Compile options:
    MPICC        = mpicc
    CLINK        = $(MPICC)
    CMPI_LIB     = (none)
    CMPI_INC     = (none)
    CFLAGS       = -O3
    CLINKFLAGS   = $(CFLAGS)


 Please send feedbacks and/or the results of this run to:

 NPB Development Team
 npb@nas.nasa.gov




 NAS Parallel Benchmarks 3.4 -- FT Benchmark

 No input file inputft.data. Using compiled defaults
 Size                :  256x 256x 128  (class A)
 Iterations          :              6
 Number of processes :              4
 Processor array     :         1x   4
 Layout type         :             1D

 Initialization time =      0.4915

 T =    1     Checksum =    5.046735008193D+02    5.114047905510D+02
 T =    2     Checksum =    5.059412319734D+02    5.098809666433D+02
 T =    3     Checksum =    5.069376896287D+02    5.098144042213D+02
 T =    4     Checksum =    5.077892868474D+02    5.101336130759D+02
 T =    5     Checksum =    5.085233095391D+02    5.104914655194D+02
 T =    6     Checksum =    5.091487099959D+02    5.107917842803D+02
 Result verification successful


 FT Benchmark Completed.
 Class           =                        A
 Size            =            256x 256x 128
 Iterations      =                        6
 Time in seconds =                     3.14
 Total processes =                        4
 Active processes=                        4
 Mop/s total     =                  2269.35
 Mop/s/process   =                   567.34
 Operation type  =           floating point
 Verification    =               SUCCESSFUL
 Version         =                    3.4.2
 Compile date    =              07 Jul 2025

 Compile options:
    MPIFC        = mpif90
    FLINK        = $(MPIFC)
    FMPI_LIB     = (none)
    FMPI_INC     = (none)
    FFLAGS       = -O3 -fallow-argument-mismatch
    FLINKFLAGS   = $(FFLAGS)
    RAND         = randi8


 Please send feedbacks and/or the results of this run to:

 NPB Development Team 
 Internet: npb@nas.nasa.gov




 NAS Parallel Benchmarks 3.4 -- FT Benchmark

 No input file inputft.data. Using compiled defaults
 Size                :  512x 256x 256  (class B)
 Iterations          :             20
 Number of processes :              4
 Processor array     :         1x   4
 Layout type         :             1D

 Initialization time =      2.0650

 T =    1     Checksum =    5.177643571579D+02    5.077803458597D+02
 T =    2     Checksum =    5.154521291263D+02    5.088249431599D+02
 T =    3     Checksum =    5.146409228650D+02    5.096208912659D+02
 T =    4     Checksum =    5.142378756213D+02    5.101023387619D+02
 T =    5     Checksum =    5.139626667737D+02    5.103976610618D+02
 T =    6     Checksum =    5.137423460082D+02    5.105948019802D+02
 T =    7     Checksum =    5.135547056878D+02    5.107404165783D+02
 T =    8     Checksum =    5.133910925467D+02    5.108576573661D+02
 T =    9     Checksum =    5.132470705390D+02    5.109577278523D+02
 T =   10     Checksum =    5.131197729984D+02    5.110460304483D+02
 T =   11     Checksum =    5.130070319283D+02    5.111252433800D+02
 T =   12     Checksum =    5.129070537032D+02    5.111968077719D+02
 T =   13     Checksum =    5.128182883503D+02    5.112616233064D+02
 T =   14     Checksum =    5.127393733383D+02    5.113203605551D+02
 T =   15     Checksum =    5.126691062021D+02    5.113735928093D+02
 T =   16     Checksum =    5.126064276005D+02    5.114218460548D+02
 T =   17     Checksum =    5.125504076570D+02    5.114656139760D+02
 T =   18     Checksum =    5.125002331721D+02    5.115053595966D+02
 T =   19     Checksum =    5.124551951846D+02    5.115415130407D+02
 T =   20     Checksum =    5.124146770029D+02    5.115744692211D+02
 Result verification successful


 FT Benchmark Completed.
 Class           =                        B
 Size            =            512x 256x 256
 Iterations      =                       20
 Time in seconds =                    35.22
 Total processes =                        4
 Active processes=                        4
 Mop/s total     =                  2613.81
 Mop/s/process   =                   653.45
 Operation type  =           floating point
 Verification    =               SUCCESSFUL
 Version         =                    3.4.2
 Compile date    =              10 Jul 2025

 Compile options:
    MPIFC        = mpif90
    FLINK        = $(MPIFC)
    FMPI_LIB     = (none)
    FMPI_INC     = (none)
    FFLAGS       = -O3 -fallow-argument-mismatch
    FLINKFLAGS   = $(FFLAGS)
    RAND         = randi8


 Please send feedbacks and/or the results of this run to:

 NPB Development Team 
 Internet: npb@nas.nasa.gov




 NAS Parallel Benchmarks 3.4 -- FT Benchmark

 No input file inputft.data. Using compiled defaults
 Size                :  512x 512x 512  (class C)
 Iterations          :             20
 Number of processes :              4
 Processor array     :         1x   4
 Layout type         :             1D

 Initialization time =     19.0345

 T =    1     Checksum =    5.195078707457D+02    5.149019699238D+02
 T =    2     Checksum =    5.155422171134D+02    5.127578201997D+02
 T =    3     Checksum =    5.144678022222D+02    5.122251847514D+02
 T =    4     Checksum =    5.140150594328D+02    5.121090289018D+02
 T =    5     Checksum =    5.137550426810D+02    5.121143685824D+02
 T =    6     Checksum =    5.135811056728D+02    5.121496764568D+02
 T =    7     Checksum =    5.134569343165D+02    5.121870921893D+02
 T =    8     Checksum =    5.133651975661D+02    5.122193250322D+02
 T =    9     Checksum =    5.132955192805D+02    5.122454735794D+02
 T =   10     Checksum =    5.132410471738D+02    5.122663649603D+02
 T =   11     Checksum =    5.131971141679D+02    5.122830879827D+02
 T =   12     Checksum =    5.131605205716D+02    5.122965869718D+02
 T =   13     Checksum =    5.131290734194D+02    5.123075927445D+02
 T =   14     Checksum =    5.131012720314D+02    5.123166486553D+02
 T =   15     Checksum =    5.130760908195D+02    5.123241541685D+02
 T =   16     Checksum =    5.130528295923D+02    5.123304037599D+02
 T =   17     Checksum =    5.130310107773D+02    5.123356167976D+02
 T =   18     Checksum =    5.130103090133D+02    5.123399592211D+02
 T =   19     Checksum =    5.129905029333D+02    5.123435588985D+02
 T =   20     Checksum =    5.129714421109D+02    5.123465164008D+02
 Result verification successful


 FT Benchmark Completed.
 Class           =                        C
 Size            =            512x 512x 512
 Iterations      =                       20
 Time in seconds =                   184.33
 Total processes =                        4
 Active processes=                        4
 Mop/s total     =                  2150.40
 Mop/s/process   =                   537.60
 Operation type  =           floating point
 Verification    =               SUCCESSFUL
 Version         =                    3.4.2
 Compile date    =              10 Jul 2025

 Compile options:
    MPIFC        = mpif90
    FLINK        = $(MPIFC)
    FMPI_LIB     = (none)
    FMPI_INC     = (none)
    FFLAGS       = -O3 -fallow-argument-mismatch
    FLINKFLAGS   = $(FFLAGS)
    RAND         = randi8


 Please send feedbacks and/or the results of this run to:

 NPB Development Team 
 Internet: npb@nas.nasa.gov




 NAS Parallel Benchmarks 3.4 -- FT Benchmark

 No input file inputft.data. Using compiled defaults
 Size                : 2048x1024x1024  (class D)
 Iterations          :             25
 Number of processes :              4
 Processor array     :         1x   4
 Layout type         :             1D

 Initialization time =    207.7431

 T =    1     Checksum =    5.122230065252D+02    5.118534037109D+02
 T =    2     Checksum =    5.120463975765D+02    5.117061181082D+02
 T =    3     Checksum =    5.119865766760D+02    5.117096364601D+02
 T =    4     Checksum =    5.119518799488D+02    5.117373863950D+02
 T =    5     Checksum =    5.119269088223D+02    5.117680347632D+02
 T =    6     Checksum =    5.119082416858D+02    5.117967875532D+02
 T =    7     Checksum =    5.118943814638D+02    5.118225281841D+02
 T =    8     Checksum =    5.118842385057D+02    5.118451629348D+02
 T =    9     Checksum =    5.118769435632D+02    5.118649119387D+02
 T =   10     Checksum =    5.118718203448D+02    5.118820803844D+02
 T =   11     Checksum =    5.118683569061D+02    5.118969781011D+02
 T =   12     Checksum =    5.118661708593D+02    5.119098918835D+02
 T =   13     Checksum =    5.118649768950D+02    5.119210777066D+02
 T =   14     Checksum =    5.118645605626D+02    5.119307604484D+02
 T =   15     Checksum =    5.118647586618D+02    5.119391362671D+02
 T =   16     Checksum =    5.118654451572D+02    5.119463757241D+02
 T =   17     Checksum =    5.118665212451D+02    5.119526269238D+02
 T =   18     Checksum =    5.118679083821D+02    5.119580184108D+02
 T =   19     Checksum =    5.118695433664D+02    5.119626617538D+02
 T =   20     Checksum =    5.118713748264D+02    5.119666538138D+02
 T =   21     Checksum =    5.118733606701D+02    5.119700787219D+02
 T =   22     Checksum =    5.118754661974D+02    5.119730095953D+02
 T =   23     Checksum =    5.118776626738D+02    5.119755100241D+02
 T =   24     Checksum =    5.118799262314D+02    5.119776353561D+02
 T =   25     Checksum =    5.118822370068D+02    5.119794338060D+02
 Result verification successful


 FT Benchmark Completed.
 Class           =                        D
 Size            =           2048x1024x1024
 Iterations      =                       25
 Time in seconds =                  5300.00
 Total processes =                        4
 Active processes=                        4
 Mop/s total     =                  1691.27
 Mop/s/process   =                   422.82
 Operation type  =           floating point
 Verification    =               SUCCESSFUL
 Version         =                    3.4.2
 Compile date    =              10 Jul 2025

 Compile options:
    MPIFC        = mpif90
    FLINK        = $(MPIFC)
    FMPI_LIB     = (none)
    FMPI_INC     = (none)
    FFLAGS       = -O3 -fallow-argument-mismatch
    FLINKFLAGS   = $(FFLAGS)
    RAND         = randi8


 Please send feedbacks and/or the results of this run to:

 NPB Development Team 
 Internet: npb@nas.nasa.gov




 NAS Parallel Benchmarks 3.4 -- MG Benchmark

 No input file. Using compiled defaults 
 Size:  256x 256x 256  (class A)
 Iterations:    4
 Total number of processes:      4


 Initialization time:           0.676 seconds

  iter    1
  iter    4

 Benchmark completed 
 VERIFICATION SUCCESSFUL 
 L2 Norm is  0.2433365309069E-05
 Error is    0.1804852652064E-12


 MG Benchmark Completed.
 Class           =                        A
 Size            =            256x 256x 256
 Iterations      =                        4
 Time in seconds =                     4.15
 Total processes =                        4
 Active processes=                        4
 Mop/s total     =                   937.11
 Mop/s/process   =                   234.28
 Operation type  =           floating point
 Verification    =               SUCCESSFUL
 Version         =                    3.4.2
 Compile date    =              07 Jul 2025

 Compile options:
    MPIFC        = mpif90
    FLINK        = $(MPIFC)
    FMPI_LIB     = (none)
    FMPI_INC     = (none)
    FFLAGS       = -O3 -fallow-argument-mismatch
    FLINKFLAGS   = $(FFLAGS)
    RAND         = randi8


 Please send feedbacks and/or the results of this run to:

 NPB Development Team 
 Internet: npb@nas.nasa.gov




 NAS Parallel Benchmarks 3.4 -- MG Benchmark

 No input file. Using compiled defaults 
 Size:  256x 256x 256  (class B)
 Iterations:   20
 Total number of processes:      4


 Initialization time:           0.607 seconds

  iter    1
  iter    5
  iter   10
  iter   15
  iter   20

 Benchmark completed 
 VERIFICATION SUCCESSFUL 
 L2 Norm is  0.1800564401355E-05
 Error is    0.8126615272859E-13


 MG Benchmark Completed.
 Class           =                        B
 Size            =            256x 256x 256
 Iterations      =                       20
 Time in seconds =                     5.88
 Total processes =                        4
 Active processes=                        4
 Mop/s total     =                  3309.22
 Mop/s/process   =                   827.31
 Operation type  =           floating point
 Verification    =               SUCCESSFUL
 Version         =                    3.4.2
 Compile date    =              10 Jul 2025

 Compile options:
    MPIFC        = mpif90
    FLINK        = $(MPIFC)
    FMPI_LIB     = (none)
    FMPI_INC     = (none)
    FFLAGS       = -O3 -fallow-argument-mismatch
    FLINKFLAGS   = $(FFLAGS)
    RAND         = randi8


 Please send feedbacks and/or the results of this run to:

 NPB Development Team 
 Internet: npb@nas.nasa.gov




 NAS Parallel Benchmarks 3.4 -- MG Benchmark

 No input file. Using compiled defaults 
 Size:  512x 512x 512  (class C)
 Iterations:   20
 Total number of processes:      4


 Initialization time:           4.946 seconds

  iter    1
  iter    5
  iter   10
  iter   15
  iter   20

 Benchmark completed 
 VERIFICATION SUCCESSFUL 
 L2 Norm is  0.5706732285736E-06
 Error is    0.6506667032208E-12


 MG Benchmark Completed.
 Class           =                        C
 Size            =            512x 512x 512
 Iterations      =                       20
 Time in seconds =                    44.76
 Total processes =                        4
 Active processes=                        4
 Mop/s total     =                  3478.52
 Mop/s/process   =                   869.63
 Operation type  =           floating point
 Verification    =               SUCCESSFUL
 Version         =                    3.4.2
 Compile date    =              10 Jul 2025

 Compile options:
    MPIFC        = mpif90
    FLINK        = $(MPIFC)
    FMPI_LIB     = (none)
    FMPI_INC     = (none)
    FFLAGS       = -O3 -fallow-argument-mismatch
    FLINKFLAGS   = $(FFLAGS)
    RAND         = randi8


 Please send feedbacks and/or the results of this run to:

 NPB Development Team 
 Internet: npb@nas.nasa.gov




 NAS Parallel Benchmarks 3.4 -- MG Benchmark

 No input file. Using compiled defaults 


 NAS Parallel Benchmarks 3.4 -- SP Benchmark

 No input file inputsp.data. Using compiled defaults
 Size:   64x  64x  64  (class A)
 Iterations:  400    dt:   0.0015000
 Total number of processes:      4

 Time step    1
 Time step   20
 Time step   40
 Time step   60
 Time step   80
 Time step  100
 Time step  120
 Time step  140
 Time step  160
 Time step  180
 Time step  200
 Time step  220
 Time step  240
 Time step  260
 Time step  280
 Time step  300
 Time step  320
 Time step  340
 Time step  360
 Time step  380
 Time step  400
 Verification being performed for class A
 accuracy setting for epsilon =  0.1000000000000E-07
 Comparison of RMS-norms of residual
           1 0.2479982239930E+01 0.2479982239930E+01 0.2954646950509E-13
           2 0.1127633796437E+01 0.1127633796437E+01 0.8486906389742E-13
           3 0.1502897788877E+01 0.1502897788877E+01 0.4875562408007E-14
           4 0.1421781621169E+01 0.1421781621170E+01 0.5481689674999E-13
           5 0.2129211303514E+01 0.2129211303514E+01 0.3629114798817E-13
 Comparison of RMS-norms of solution error
           1 0.1090014029782E-03 0.1090014029782E-03 0.4457356375883E-12
           2 0.3734395176929E-04 0.3734395176928E-04 0.9145354686695E-13
           3 0.5009278540654E-04 0.5009278540654E-04 0.4382885442414E-13
           4 0.4767109393953E-04 0.4767109393953E-04 0.1309166255611E-12
           5 0.1362161339921E-03 0.1362161339921E-03 0.7203280091300E-13
 Verification Successful


 SP Benchmark Completed.
 Class           =                        A
 Size            =             64x  64x  64
 Iterations      =                      400
 Time in seconds =                    37.99
 Total processes =                        4
 Active processes=                        4
 Mop/s total     =                  2237.63
 Mop/s/process   =                   559.41
 Operation type  =           floating point
 Verification    =               SUCCESSFUL
 Version         =                    3.4.2
 Compile date    =              07 Jul 2025

 Compile options:
    MPIFC        = mpif90
    FLINK        = $(MPIFC)
    FMPI_LIB     = (none)
    FMPI_INC     = (none)
    FFLAGS       = -O3 -fallow-argument-mismatch
    FLINKFLAGS   = $(FFLAGS)
    RAND         = (none)


 Please send feedbacks and/or the results of this run to:

 NPB Development Team 
 Internet: npb@nas.nasa.gov




 NAS Parallel Benchmarks 3.4 -- SP Benchmark

 No input file inputsp.data. Using compiled defaults
 Size:  102x 102x 102  (class B)
 Iterations:  400    dt:   0.0010000
 Total number of processes:      4

 Time step    1
 Time step   20
 Time step   40
 Time step   60
 Time step   80
 Time step  100
 Time step  120
 Time step  140
 Time step  160
 Time step  180
 Time step  200
 Time step  220
 Time step  240
 Time step  260
 Time step  280
 Time step  300
 Time step  320
 Time step  340
 Time step  360
 Time step  380
 Time step  400
 Verification being performed for class B
 accuracy setting for epsilon =  0.1000000000000E-07
 Comparison of RMS-norms of residual
           1 0.6903293579998E+02 0.6903293579998E+02 0.5722801102177E-13
           2 0.3095134488084E+02 0.3095134488084E+02 0.8046345961467E-13
           3 0.4103336647017E+02 0.4103336647017E+02 0.1096116625145E-12
           4 0.3864769009604E+02 0.3864769009604E+02 0.3989572812160E-13
           5 0.5643482272596E+02 0.5643482272596E+02 0.6710737446614E-13
 Comparison of RMS-norms of solution error
           1 0.9810006190188E-02 0.9810006190188E-02 0.4880564497997E-13
           2 0.1022827905670E-02 0.1022827905670E-02 0.3913536577001E-12
           3 0.1720597911692E-02 0.1720597911692E-02 0.1538780029441E-12
           4 0.1694479428231E-02 0.1694479428231E-02 0.1108209478061E-12
           5 0.1847456263981E-01 0.1847456263981E-01 0.7680851942288E-13
 Verification Successful


 SP Benchmark Completed.
 Class           =                        B
 Size            =            102x 102x 102
 Iterations      =                      400
 Time in seconds =                   169.94
 Total processes =                        4
 Active processes=                        4
 Mop/s total     =                  2088.99
 Mop/s/process   =                   522.25
 Operation type  =           floating point
 Verification    =               SUCCESSFUL
 Version         =                    3.4.2
 Compile date    =              10 Jul 2025

 Compile options:
    MPIFC        = mpif90
    FLINK        = $(MPIFC)
    FMPI_LIB     = (none)
    FMPI_INC     = (none)
    FFLAGS       = -O3 -fallow-argument-mismatch
    FLINKFLAGS   = $(FFLAGS)
    RAND         = (none)


 Please send feedbacks and/or the results of this run to:

 NPB Development Team 
 Internet: npb@nas.nasa.gov




 NAS Parallel Benchmarks 3.4 -- SP Benchmark

 No input file inputsp.data. Using compiled defaults
 Size:  162x 162x 162  (class C)
 Iterations:  400    dt:   0.0006700
 Total number of processes:      4

 Time step    1
 Time step   20
 Time step   40
 Time step   60
 Time step   80
 Time step  100
 Time step  120
 Time step  140
 Time step  160
 Time step  180
 Time step  200
 Time step  220
 Time step  240
 Time step  260
 Time step  280
 Time step  300
 Time step  320
 Time step  340
 Time step  360
 Time step  380
 Time step  400
 Verification being performed for class C
 accuracy setting for epsilon =  0.1000000000000E-07
 Comparison of RMS-norms of residual
           1 0.5881691581829E+03 0.5881691581829E+03 0.6803785326256E-13
           2 0.2454417603569E+03 0.2454417603569E+03 0.4539288701531E-13
           3 0.3293829191851E+03 0.3293829191851E+03 0.3537797556502E-13
           4 0.3081924971891E+03 0.3081924971891E+03 0.1399909319950E-12
           5 0.4597223799176E+03 0.4597223799176E+03 0.2843887291354E-13
 Comparison of RMS-norms of solution error
           1 0.2598120500183E+00 0.2598120500183E+00 0.1645173364556E-13
           2 0.2590888922315E-01 0.2590888922315E-01 0.1695294539007E-12
           3 0.5132886416320E-01 0.5132886416320E-01 0.4069069322156E-13
           4 0.4806073419454E-01 0.4806073419454E-01 0.3898195450930E-14
           5 0.5483377491301E+00 0.5483377491301E+00 0.7025731680084E-13
 Verification Successful


 SP Benchmark Completed.
 Class           =                        C
 Size            =            162x 162x 162
 Iterations      =                      400
 Time in seconds =                   719.96
 Total processes =                        4
 Active processes=                        4
 Mop/s total     =                  2014.15
 Mop/s/process   =                   503.54
 Operation type  =           floating point
 Verification    =               SUCCESSFUL
 Version         =                    3.4.2
 Compile date    =              10 Jul 2025

 Compile options:
    MPIFC        = mpif90
    FLINK        = $(MPIFC)
    FMPI_LIB     = (none)
    FMPI_INC     = (none)
    FFLAGS       = -O3 -fallow-argument-mismatch
    FLINKFLAGS   = $(FFLAGS)
    RAND         = (none)


 Please send feedbacks and/or the results of this run to:

 NPB Development Team 
 Internet: npb@nas.nasa.gov




 NAS Parallel Benchmarks 3.4 -- SP Benchmark

 No input file inputsp.data. Using compiled defaults
 Size:  408x 408x 408  (class D)
 Iterations:  500    dt:   0.0003000
 Total number of processes:      4

 Time step    1
 Time step   20
 Time step   40
 Time step   60
 Time step   80
 Time step  100
 Time step  120
 Time step  140
 Time step  160
 Time step  180
 Time step  200
 Time step  220
 Time step  240
 Time step  260
 Time step  280
 Time step  300
 Time step  320
 Time step  340
 Time step  360
 Time step  380
 Time step  400
 Time step  420
 Time step  440
 Time step  460
 Time step  480
 Time step  500
 Verification being performed for class D
 accuracy setting for epsilon =  0.1000000000000E-07
 Comparison of RMS-norms of residual
           1 0.1044696216887E+05 0.1044696216887E+05 0.2162528017892E-12
           2 0.3204427762578E+04 0.3204427762578E+04 0.1228959536759E-12
           3 0.4648680733031E+04 0.4648680733032E+04 0.2674477617895E-12
           4 0.4238923283697E+04 0.4238923283697E+04 0.1115701354495E-12
           5 0.7588412036136E+04 0.7588412036136E+04 0.6472067365592E-14
 Comparison of RMS-norms of solution error
           1 0.5089471423669E+01 0.5089471423669E+01 0.9807625003062E-13
           2 0.5323514855894E+00 0.5323514855894E+00 0.6110537023392E-13
           3 0.1187051008971E+01 0.1187051008971E+01 0.4100259974654E-12
           4 0.1083734951938E+01 0.1083734951938E+01 0.2806969621154E-13
           5 0.1164108338568E+02 0.1164108338568E+02 0.1541197110572E-13
 Verification Successful


 SP Benchmark Completed.
 Class           =                        D
 Size            =            408x 408x 408
 Iterations      =                      500
 Time in seconds =                 16868.46
 Total processes =                        4
 Active processes=                        4
 Mop/s total     =                  1750.96
 Mop/s/process   =                   437.74
 Operation type  =           floating point
 Verification    =               SUCCESSFUL
 Version         =                    3.4.2
 Compile date    =              10 Jul 2025

 Compile options:
    MPIFC        = mpif90
    FLINK        = $(MPIFC)
    FMPI_LIB     = (none)
    FMPI_INC     = (none)
    FFLAGS       = -O3 -fallow-argument-mismatch
    FLINKFLAGS   = $(FFLAGS)
    RAND         = (none)


 Please send feedbacks and/or the results of this run to:

 NPB Development Team 
 Internet: npb@nas.nasa.gov


