

 NAS Parallel Benchmarks 3.4 -- CG Benchmark

 Size:      75000  (class B)
 Iterations:    75
 Number of nonzeroes per row:       13
 Eigenvalue shift:    60.000
 Total number of processes:      1

   iteration           ||r||                 zeta
        1       0.30260254319247E-12    59.9994751578754
        2       0.11135260290398E-14    21.7627846142536
        3       0.11236747473157E-14    22.2876617043224
        4       0.11163121212335E-14    22.5230738188346
        5       0.11205765718616E-14    22.6275390653892
        6       0.11275515671675E-14    22.6740259189533
        7       0.11276067359430E-14    22.6949056826251
        8       0.11324054589846E-14    22.7044023166873
        9       0.11374125446071E-14    22.7087834345620
       10       0.11313172253050E-14    22.7108351397176
       11       0.11261936068462E-14    22.7118107121341
       12       0.11336694225047E-14    22.7122816240971
       13       0.11313327693755E-14    22.7125122663242
       14       0.11328768218048E-14    22.7126268007594
       15       0.11360354296699E-14    22.7126844161819
       16       0.11303042286446E-14    22.7127137461755
       17       0.11313365202856E-14    22.7127288402000
       18       0.11400421319931E-14    22.7127366848296
       19       0.11306046273915E-14    22.7127407981217
       20       0.11244755806663E-14    22.7127429721364
       21       0.11331951665311E-14    22.7127441294025
       22       0.11260968315653E-14    22.7127447493900
       23       0.11256417787213E-14    22.7127450834533
       24       0.11342907807130E-14    22.7127452643881
       25       0.11302477475177E-14    22.7127453628451
       26       0.11324394449054E-14    22.7127454166517
       27       0.11220648936372E-14    22.7127454461696
       28       0.11332666866990E-14    22.7127454624211
       29       0.11353476019752E-14    22.7127454713974
       30       0.11280841108157E-14    22.7127454763703
       31       0.11355412665118E-14    22.7127454791343
       32       0.11311952356410E-14    22.7127454806740
       33       0.11197386426595E-14    22.7127454815315
       34       0.11238620404460E-14    22.7127454820131
       35       0.11269363461286E-14    22.7127454822840
       36       0.11330777781077E-14    22.7127454824349
       37       0.11256220010357E-14    22.7127454825202
       38       0.11279768430156E-14    22.7127454825684
       39       0.11304202754108E-14    22.7127454825967
       40       0.11284341327220E-14    22.7127454826116
       41       0.11231644408990E-14    22.7127454826202
       42       0.11277662096209E-14    22.7127454826253
       43       0.11191324957961E-14    22.7127454826277
       44       0.11234051128417E-14    22.7127454826296
       45       0.11225320061275E-14    22.7127454826310
       46       0.11241222958851E-14    22.7127454826310
       47       0.11226554714846E-14    22.7127454826314
       48       0.11207164487430E-14    22.7127454826317
       49       0.11253095455531E-14    22.7127454826309
       50       0.11240200371617E-14    22.7127454826321
       51       0.11160867797533E-14    22.7127454826324
       52       0.11240587779638E-14    22.7127454826313
       53       0.11315219929966E-14    22.7127454826315
       54       0.11195998267494E-14    22.7127454826310
       55       0.11244303570002E-14    22.7127454826315
       56       0.11202068074772E-14    22.7127454826316
       57       0.11200830895887E-14    22.7127454826318
       58       0.11196834920400E-14    22.7127454826314
       59       0.11141732971244E-14    22.7127454826314
       60       0.11126429640331E-14    22.7127454826318
       61       0.11109066017119E-14    22.7127454826315
       62       0.11214598773440E-14    22.7127454826318
       63       0.11181310276878E-14    22.7127454826313
       64       0.11180301282854E-14    22.7127454826317
       65       0.11211161938494E-14    22.7127454826308
       66       0.11256111023394E-14    22.7127454826319
       67       0.11177931010240E-14    22.7127454826320
       68       0.11182620534141E-14    22.7127454826322
       69       0.11123197016248E-14    22.7127454826317
       70       0.11140509215767E-14    22.7127454826327
       71       0.11111320112026E-14    22.7127454826313
       72       0.11176331157213E-14    22.7127454826322
       73       0.11223074487219E-14    22.7127454826316
       74       0.11114458733931E-14    22.7127454826318
       75       0.11139094759109E-14    22.7127454826310
 Benchmark completed 
 VERIFICATION SUCCESSFUL 
 Zeta is     0.2271274548263E+02
 Error is    0.0000000000000E+00


 CG Benchmark Completed.
 Class           =                        B
 Size            =                    75000
 Iterations      =                       75
 Time in seconds =                  3627.61
 Total processes =                        1
 Active processes=                        1
 Mop/s total     =                    15.08
 Mop/s/process   =                    15.08
 Operation type  =           floating point
 Verification    =               SUCCESSFUL
 Version         =                    3.4.2
 Compile date    =              11 Jul 2025

 Compile options:
    MPIFC        = mpif90
    FLINK        = $(MPIFC)
    FMPI_LIB     = (none)
    FMPI_INC     = (none)
    FFLAGS       = -O3 -fallow-argument-mismatch
    FLINKFLAGS   = $(FFLAGS)
    RAND         = randi8


 Please send feedbacks and/or the results of this run to:

 NPB Development Team 
 Internet: npb@nas.nasa.gov



 NAS Parallel Benchmarks 3.4 -- EP Benchmark

 Number of random numbers generated:      2147483648  (class B)
 Total number of processes:                        1

EP Benchmark Results:

CPU Time =   117.755
N = 2^   30
No. Gaussian Pairs =     843345606.
Sums =     6.728927543417870D+08    6.728951822502033D+08
Counts:
  0     393058470.
  1     375280898.
  2      70460742.
  3       4438852.
  4        105691.
  5           948.
  6             5.
  7             0.
  8             0.
  9             0.


 EP Benchmark Completed.
 Class           =                        B
 Size            =               2147483648
 Iterations      =                        0
 Time in seconds =                   117.76
 Total processes =                        1
 Active processes=                        1
 Mop/s total     =                    18.24
 Mop/s/process   =                    18.24
 Operation type  = Random numbers generated
 Verification    =               SUCCESSFUL
 Version         =                    3.4.2
 Compile date    =              11 Jul 2025

 Compile options:
    MPIFC        = mpif90
    FLINK        = $(MPIFC)
    FMPI_LIB     = (none)
    FMPI_INC     = (none)
    FFLAGS       = -O3 -fallow-argument-mismatch
    FLINKFLAGS   = $(FFLAGS)
    RAND         = randi8


 Please send feedbacks and/or the results of this run to:

 NPB Development Team 
 Internet: npb@nas.nasa.gov




 NAS Parallel Benchmarks 3.4 -- IS Benchmark

 Size:  33554432  (class B)
 Iterations:   10
 Total number of processes:  1

   iteration
        1
        2
        3
        4
        5
        6
        7
        8
        9
        10


 IS Benchmark Completed
 Class           =                        B
 Size            =                 33554432
 Iterations      =                       10
 Time in seconds =                    15.55
 Total processes =                        1
 Active processes=                        1
 Mop/s total     =                    21.58
 Mop/s/process   =                    21.58
 Operation type  =              keys ranked
 Verification    =               SUCCESSFUL
 Version         =                    3.4.2
 Compile date    =              11 Jul 2025

 Compile options:
    MPICC        = mpicc
    CLINK        = $(MPICC)
    CMPI_LIB     = (none)
    CMPI_INC     = (none)
    CFLAGS       = -O3
    CLINKFLAGS   = $(CFLAGS)


 Please send feedbacks and/or the results of this run to:

 NPB Development Team
 npb@nas.nasa.gov




 NAS Parallel Benchmarks 3.4 -- FT Benchmark

 No input file inputft.data. Using compiled defaults
 Size                :  512x 256x 256  (class B)
 Iterations          :             20
 Number of processes :              1
 Processor array     :         1x   1
 Layout type         :             0D

 Initialization time =     23.9026

 T =    1     Checksum =    5.177643571579D+02    5.077803458597D+02
 T =    2     Checksum =    5.154521291263D+02    5.088249431599D+02
 T =    3     Checksum =    5.146409228650D+02    5.096208912659D+02
 T =    4     Checksum =    5.142378756213D+02    5.101023387619D+02
 T =    5     Checksum =    5.139626667737D+02    5.103976610618D+02
 T =    6     Checksum =    5.137423460082D+02    5.105948019802D+02
 T =    7     Checksum =    5.135547056878D+02    5.107404165783D+02
 T =    8     Checksum =    5.133910925467D+02    5.108576573661D+02
 T =    9     Checksum =    5.132470705390D+02    5.109577278523D+02
 T =   10     Checksum =    5.131197729984D+02    5.110460304483D+02
 T =   11     Checksum =    5.130070319283D+02    5.111252433800D+02
 T =   12     Checksum =    5.129070537032D+02    5.111968077719D+02
 T =   13     Checksum =    5.128182883503D+02    5.112616233064D+02
 T =   14     Checksum =    5.127393733383D+02    5.113203605551D+02
 T =   15     Checksum =    5.126691062021D+02    5.113735928093D+02
 T =   16     Checksum =    5.126064276005D+02    5.114218460548D+02
 T =   17     Checksum =    5.125504076570D+02    5.114656139760D+02
 T =   18     Checksum =    5.125002331721D+02    5.115053595966D+02
 T =   19     Checksum =    5.124551951846D+02    5.115415130407D+02
 T =   20     Checksum =    5.124146770029D+02    5.115744692211D+02
 Result verification successful


 FT Benchmark Completed.
 Class           =                        B
 Size            =            512x 256x 256
 Iterations      =                       20
 Time in seconds =                   304.57
 Total processes =                        1
 Active processes=                        1
 Mop/s total     =                   302.24
 Mop/s/process   =                   302.24
 Operation type  =           floating point
 Verification    =               SUCCESSFUL
 Version         =                    3.4.2
 Compile date    =              11 Jul 2025

 Compile options:
    MPIFC        = mpif90
    FLINK        = $(MPIFC)
    FMPI_LIB     = (none)
    FMPI_INC     = (none)
    FFLAGS       = -O3 -fallow-argument-mismatch
    FLINKFLAGS   = $(FFLAGS)
    RAND         = randi8


 Please send feedbacks and/or the results of this run to:

 NPB Development Team 
 Internet: npb@nas.nasa.gov




 NAS Parallel Benchmarks 3.4 -- MG Benchmark

 No input file. Using compiled defaults 
 Size:  256x 256x 256  (class B)
 Iterations:   20
 Total number of processes:      1


 Initialization time:           7.574 seconds

  iter    1
  iter    5
  iter   10
  iter   15
  iter   20

 Benchmark completed 
 VERIFICATION SUCCESSFUL 
 L2 Norm is  0.1800564401355E-05
 Error is    0.6291952490564E-13


 MG Benchmark Completed.
 Class           =                        B
 Size            =            256x 256x 256
 Iterations      =                       20
 Time in seconds =                   117.81
 Total processes =                        1
 Active processes=                        1
 Mop/s total     =                   165.19
 Mop/s/process   =                   165.19
 Operation type  =           floating point
 Verification    =               SUCCESSFUL
 Version         =                    3.4.2
 Compile date    =              11 Jul 2025

 Compile options:
    MPIFC        = mpif90
    FLINK        = $(MPIFC)
    FMPI_LIB     = (none)
    FMPI_INC     = (none)
    FFLAGS       = -O3 -fallow-argument-mismatch
    FLINKFLAGS   = $(FFLAGS)
    RAND         = randi8


 Please send feedbacks and/or the results of this run to:

 NPB Development Team 
 Internet: npb@nas.nasa.gov




 NAS Parallel Benchmarks 3.4 -- SP Benchmark

 No input file inputsp.data. Using compiled defaults
 Size:  102x 102x 102  (class B)
 Iterations:  400    dt:   0.0010000
 Total number of processes:      1

 Time step    1
 Time step   20
 Time step   40
 Time step   60
 Time step   80
 Time step  100
 Time step  120
 Time step  140
 Time step  160
 Time step  180
 Time step  200
 Time step  220
 Time step  240
 Time step  260
 Time step  280
 Time step  300
 Time step  320
 Time step  340
 Time step  360
 Time step  380
 Time step  400
 Verification being performed for class B
 accuracy setting for epsilon =  0.1000000000000E-07
 Comparison of RMS-norms of residual
           1 0.6903293579998E+02 0.6903293579998E+02 0.5640458640275E-13
           2 0.3095134488084E+02 0.3095134488084E+02 0.7621645817994E-13
           3 0.4103336647017E+02 0.4103336647017E+02 0.1028583373359E-12
           4 0.3864769009604E+02 0.3864769009604E+02 0.4063113324826E-13
           5 0.5643482272596E+02 0.5643482272596E+02 0.6660375439510E-13
 Comparison of RMS-norms of solution error
           1 0.9810006190188E-02 0.9810006190188E-02 0.4031770672258E-13
           2 0.1022827905670E-02 0.1022827905670E-02 0.3985616882319E-12
           3 0.1720597911692E-02 0.1720597911692E-02 0.1502232428414E-12
           4 0.1694479428231E-02 0.1694479428231E-02 0.8522719542593E-13
           5 0.1847456263981E-01 0.1847456263981E-01 0.7493056051278E-13
 Verification Successful


 SP Benchmark Completed.
 Class           =                        B
 Size            =            102x 102x 102
 Iterations      =                      400
 Time in seconds =                  2393.24
 Total processes =                        1
 Active processes=                        1
 Mop/s total     =                   148.34
 Mop/s/process   =                   148.34
 Operation type  =           floating point
 Verification    =               SUCCESSFUL
 Version         =                    3.4.2
 Compile date    =              11 Jul 2025

 Compile options:
    MPIFC        = mpif90
    FLINK        = $(MPIFC)
    FMPI_LIB     = (none)
    FMPI_INC     = (none)
    FFLAGS       = -O3 -fallow-argument-mismatch
    FLINKFLAGS   = $(FFLAGS)
    RAND         = (none)


 Please send feedbacks and/or the results of this run to:

 NPB Development Team 
 Internet: npb@nas.nasa.gov


